<?xml version="1.0" encoding="UTF-8"?>
<testsuite name="AvionPrivadoTest" tests="3" skipped="0" failures="0" errors="0" timestamp="2024-07-12T17:50:58" hostname="LAPTOP-SR68DNCA" time="0.007">
  <properties/>
  <testcase name="VerificarConsumoCombustible()" classname="AvionPrivadoTest" time="0.001"/>
  <testcase name="VerificarCapacidadCombustible()" classname="AvionPrivadoTest" time="0.002"/>
  <testcase name="VerificarRetornoCorrectoParaPrivados()" classname="AvionPrivadoTest" time="0.002"/>
  <system-out><![CDATA[]]></system-out>
  <system-err><![CDATA[]]></system-err>
</testsuite>
